{"D:\\Projects\\uni\\donaton-project-backend\\frontend\\src\\services\\donationService.ts": {"path":"D:\\Projects\\uni\\donaton-project-backend\\frontend\\src\\services\\donationService.ts","statementMap":{"0":{"start":{"line":6,"column":4},"end":{"line":6,"column":null}},"1":{"start":{"line":10,"column":4},"end":{"line":14,"column":null}},"2":{"start":{"line":11,"column":6},"end":{"line":11,"column":null}},"3":{"start":{"line":13,"column":6},"end":{"line":13,"column":null}},"4":{"start":{"line":18,"column":4},"end":{"line":21,"column":null}},"5":{"start":{"line":25,"column":4},"end":{"line":28,"column":null}},"6":{"start":{"line":32,"column":4},"end":{"line":34,"column":null}},"7":{"start":{"line":38,"column":31},"end":{"line":38,"column":null}}},"fnMap":{"0":{"name":"getAll","decl":{"start":{"line":5,"column":8},"end":{"line":5,"column":44}},"loc":{"start":{"line":5,"column":44},"end":{"line":7,"column":null}},"line":5},"1":{"name":"getById","decl":{"start":{"line":9,"column":8},"end":{"line":9,"column":16}},"loc":{"start":{"line":9,"column":69},"end":{"line":15,"column":null}},"line":9},"2":{"name":"create","decl":{"start":{"line":17,"column":8},"end":{"line":17,"column":15}},"loc":{"start":{"line":17,"column":78},"end":{"line":22,"column":null}},"line":17},"3":{"name":"update","decl":{"start":{"line":24,"column":8},"end":{"line":24,"column":15}},"loc":{"start":{"line":24,"column":99},"end":{"line":29,"column":null}},"line":24},"4":{"name":"delete","decl":{"start":{"line":31,"column":8},"end":{"line":31,"column":15}},"loc":{"start":{"line":31,"column":51},"end":{"line":35,"column":null}},"line":31}},"branchMap":{},"s":{"0":1,"1":1,"2":1,"3":1,"4":1,"5":1,"6":1,"7":1},"f":{"0":1,"1":1,"2":1,"3":1,"4":1},"b":{},"meta":{"lastBranch":0,"lastFunction":5,"lastStatement":8,"seen":{"f:5:8:5:44":0,"s:6:4:6:Infinity":0,"f:9:8:9:16":1,"s:10:4:14:Infinity":1,"s:11:6:11:Infinity":2,"s:13:6:13:Infinity":3,"f:17:8:17:15":2,"s:18:4:21:Infinity":4,"f:24:8:24:15":3,"s:25:4:28:Infinity":5,"f:31:8:31:15":4,"s:32:4:34:Infinity":6,"s:38:31:38:Infinity":7},"fnNames":{}}}
,"D:\\Projects\\uni\\donaton-project-backend\\frontend\\src\\services\\logisticsService.ts": {"path":"D:\\Projects\\uni\\donaton-project-backend\\frontend\\src\\services\\logisticsService.ts","statementMap":{"0":{"start":{"line":6,"column":4},"end":{"line":8,"column":null}},"1":{"start":{"line":12,"column":4},"end":{"line":17,"column":null}},"2":{"start":{"line":13,"column":21},"end":{"line":13,"column":null}},"3":{"start":{"line":14,"column":6},"end":{"line":14,"column":null}},"4":{"start":{"line":14,"column":34},"end":{"line":14,"column":57}},"5":{"start":{"line":16,"column":6},"end":{"line":16,"column":null}},"6":{"start":{"line":21,"column":4},"end":{"line":24,"column":null}},"7":{"start":{"line":28,"column":4},"end":{"line":31,"column":null}},"8":{"start":{"line":35,"column":32},"end":{"line":35,"column":null}}},"fnMap":{"0":{"name":"getAll","decl":{"start":{"line":5,"column":8},"end":{"line":5,"column":15}},"loc":{"start":{"line":5,"column":64},"end":{"line":9,"column":null}},"line":5},"1":{"name":"getById","decl":{"start":{"line":11,"column":8},"end":{"line":11,"column":16}},"loc":{"start":{"line":11,"column":66},"end":{"line":18,"column":null}},"line":11},"2":{"name":"(anonymous_2)","decl":{"start":{"line":14,"column":25},"end":{"line":14,"column":34}},"loc":{"start":{"line":14,"column":34},"end":{"line":14,"column":57}},"line":14},"3":{"name":"create","decl":{"start":{"line":20,"column":8},"end":{"line":20,"column":15}},"loc":{"start":{"line":20,"column":57},"end":{"line":25,"column":null}},"line":20},"4":{"name":"updateState","decl":{"start":{"line":27,"column":8},"end":{"line":27,"column":20}},"loc":{"start":{"line":27,"column":79},"end":{"line":32,"column":null}},"line":27}},"branchMap":{"0":{"loc":{"start":{"line":7,"column":13},"end":{"line":7,"column":null}},"type":"cond-expr","locations":[{"start":{"line":7,"column":30},"end":{"line":7,"column":51}},{"start":{"line":7,"column":51},"end":{"line":7,"column":null}}],"line":7},"1":{"loc":{"start":{"line":14,"column":13},"end":{"line":14,"column":null}},"type":"binary-expr","locations":[{"start":{"line":14,"column":13},"end":{"line":14,"column":62}},{"start":{"line":14,"column":62},"end":{"line":14,"column":null}}],"line":14}},"s":{"0":5,"1":3,"2":3,"3":2,"4":4,"5":1,"6":1,"7":1,"8":1},"f":{"0":5,"1":3,"2":4,"3":1,"4":1},"b":{"0":[1,4],"1":[2,1]},"meta":{"lastBranch":2,"lastFunction":5,"lastStatement":9,"seen":{"f:5:8:5:15":0,"s:6:4:8:Infinity":0,"b:7:30:7:51:7:51:7:Infinity":0,"f:11:8:11:16":1,"s:12:4:17:Infinity":1,"s:13:21:13:Infinity":2,"s:14:6:14:Infinity":3,"b:14:13:14:62:14:62:14:Infinity":1,"f:14:25:14:34":2,"s:14:34:14:57":4,"s:16:6:16:Infinity":5,"f:20:8:20:15":3,"s:21:4:24:Infinity":6,"f:27:8:27:20":4,"s:28:4:31:Infinity":7,"s:35:32:35:Infinity":8},"fnNames":{}}}
,"D:\\Projects\\uni\\donaton-project-backend\\frontend\\src\\services\\usersService.ts": {"path":"D:\\Projects\\uni\\donaton-project-backend\\frontend\\src\\services\\usersService.ts","statementMap":{"0":{"start":{"line":18,"column":4},"end":{"line":18,"column":null}},"1":{"start":{"line":22,"column":4},"end":{"line":25,"column":null}},"2":{"start":{"line":29,"column":4},"end":{"line":32,"column":null}},"3":{"start":{"line":36,"column":4},"end":{"line":38,"column":null}},"4":{"start":{"line":42,"column":28},"end":{"line":42,"column":null}}},"fnMap":{"0":{"name":"getAll","decl":{"start":{"line":17,"column":8},"end":{"line":17,"column":47}},"loc":{"start":{"line":17,"column":47},"end":{"line":19,"column":null}},"line":17},"1":{"name":"create","decl":{"start":{"line":21,"column":8},"end":{"line":21,"column":15}},"loc":{"start":{"line":21,"column":67},"end":{"line":26,"column":null}},"line":21},"2":{"name":"updateRole","decl":{"start":{"line":28,"column":8},"end":{"line":28,"column":19}},"loc":{"start":{"line":28,"column":92},"end":{"line":33,"column":null}},"line":28},"3":{"name":"delete","decl":{"start":{"line":35,"column":8},"end":{"line":35,"column":15}},"loc":{"start":{"line":35,"column":42},"end":{"line":39,"column":null}},"line":35}},"branchMap":{},"s":{"0":1,"1":1,"2":1,"3":1,"4":1},"f":{"0":1,"1":1,"2":1,"3":1},"b":{},"meta":{"lastBranch":0,"lastFunction":4,"lastStatement":5,"seen":{"f:17:8:17:47":0,"s:18:4:18:Infinity":0,"f:21:8:21:15":1,"s:22:4:25:Infinity":1,"f:28:8:28:19":2,"s:29:4:32:Infinity":2,"f:35:8:35:15":3,"s:36:4:38:Infinity":3,"s:42:28:42:Infinity":4},"fnNames":{}}}
}
